<?xml version="1.0" encoding="UTF-8"?>
<testng-results total="2" passed="1" failed="1" skipped="0">
  <reporter-output>
  </reporter-output>
  <suite started-at="2024-06-28T13:24:54Z" name="Default suite" finished-at="2024-06-28T13:25:15Z" duration-ms="20496">
    <groups>
    </groups>
    <test started-at="2024-06-28T13:24:54Z" name="Default test" finished-at="2024-06-28T13:25:15Z" duration-ms="20496">
      <class name="com.QA.Test.LoginTest">
        <test-method is-config="true" signature="preRequsite()[pri:0, instance:com.QA.Test.LoginTest@303cf2ba]" started-at="2024-06-28T18:54:54Z" name="preRequsite" finished-at="2024-06-28T18:55:05Z" duration-ms="10801" status="PASS">
          <reporter-output>
          </reporter-output>
        </test-method> <!-- preRequsite -->
        <test-method signature="Invalid_Usrnmepaswrd()[pri:1, instance:com.QA.Test.LoginTest@303cf2ba]" started-at="2024-06-28T18:55:05Z" name="Invalid_Usrnmepaswrd" finished-at="2024-06-28T18:55:08Z" duration-ms="3019" status="PASS">
          <reporter-output>
          </reporter-output>
        </test-method> <!-- Invalid_Usrnmepaswrd -->
        <test-method is-config="true" signature="preRequsite()[pri:0, instance:com.QA.Test.LoginTest@303cf2ba]" started-at="2024-06-28T18:55:08Z" name="preRequsite" finished-at="2024-06-28T18:55:15Z" duration-ms="6630" status="PASS">
          <reporter-output>
          </reporter-output>
        </test-method> <!-- preRequsite -->
        <test-method signature="Succefullogin()[pri:2, instance:com.QA.Test.LoginTest@303cf2ba]" started-at="2024-06-28T18:55:15Z" name="Succefullogin" finished-at="2024-06-28T18:55:15Z" duration-ms="22" status="FAIL">
          <exception class="java.lang.IllegalArgumentException">
            <message>
              <![CDATA[Keys to send should be a not null CharSequence]]>
            </message>
            <full-stacktrace>
              <![CDATA[java.lang.IllegalArgumentException: Keys to send should be a not null CharSequence
	at org.openqa.selenium.remote.RemoteWebElement.sendKeys(RemoteWebElement.java:97)
	at java.base/jdk.internal.reflect.NativeMethodAccessorImpl.invoke0(Native Method)
	at java.base/jdk.internal.reflect.NativeMethodAccessorImpl.invoke(NativeMethodAccessorImpl.java:77)
	at java.base/jdk.internal.reflect.DelegatingMethodAccessorImpl.invoke(DelegatingMethodAccessorImpl.java:43)
	at java.base/java.lang.reflect.Method.invoke(Method.java:568)
	at org.openqa.selenium.support.pagefactory.internal.LocatingElementHandler.invoke(LocatingElementHandler.java:51)
	at jdk.proxy2/jdk.proxy2.$Proxy11.sendKeys(Unknown Source)
	at com.QA.Pages.LoginPage.username(LoginPage.java:35)
	at com.QA.Test.LoginTest.Succefullogin(LoginTest.java:24)
	at java.base/jdk.internal.reflect.NativeMethodAccessorImpl.invoke0(Native Method)
	at java.base/jdk.internal.reflect.NativeMethodAccessorImpl.invoke(NativeMethodAccessorImpl.java:77)
	at java.base/jdk.internal.reflect.DelegatingMethodAccessorImpl.invoke(DelegatingMethodAccessorImpl.java:43)
	at java.base/java.lang.reflect.Method.invoke(Method.java:568)
	at org.testng.internal.MethodInvocationHelper.invokeMethod(MethodInvocationHelper.java:86)
	at org.testng.internal.Invoker.invokeMethod(Invoker.java:643)
	at org.testng.internal.Invoker.invokeTestMethod(Invoker.java:820)
	at org.testng.internal.Invoker.invokeTestMethods(Invoker.java:1128)
	at org.testng.internal.TestMethodWorker.invokeTestMethods(TestMethodWorker.java:129)
	at org.testng.internal.TestMethodWorker.run(TestMethodWorker.java:112)
	at org.testng.TestRunner.privateRun(TestRunner.java:782)
	at org.testng.TestRunner.run(TestRunner.java:632)
	at org.testng.SuiteRunner.runTest(SuiteRunner.java:366)
	at org.testng.SuiteRunner.runSequentially(SuiteRunner.java:361)
	at org.testng.SuiteRunner.privateRun(SuiteRunner.java:319)
	at org.testng.SuiteRunner.run(SuiteRunner.java:268)
	at org.testng.SuiteRunnerWorker.runSuite(SuiteRunnerWorker.java:52)
	at org.testng.SuiteRunnerWorker.run(SuiteRunnerWorker.java:86)
	at org.testng.TestNG.runSuitesSequentially(TestNG.java:1244)
	at org.testng.TestNG.runSuitesLocally(TestNG.java:1169)
	at org.testng.TestNG.run(TestNG.java:1064)
	at org.testng.remote.AbstractRemoteTestNG.run(AbstractRemoteTestNG.java:115)
	at org.testng.remote.RemoteTestNG.initAndRun(RemoteTestNG.java:251)
	at org.testng.remote.RemoteTestNG.main(RemoteTestNG.java:77)
]]>
            </full-stacktrace>
          </exception> <!-- java.lang.IllegalArgumentException -->
          <reporter-output>
          </reporter-output>
        </test-method> <!-- Succefullogin -->
      </class> <!-- com.QA.Test.LoginTest -->
    </test> <!-- Default test -->
  </suite> <!-- Default suite -->
</testng-results>
